<?xml version="1.0" encoding="UTF-8"?>
<!-- Generated by org.testng.reporters.JUnitXMLReporter -->
<testsuite ignored="0" hostname="DESKTOP-KN2NV1D" failures="0" tests="4" name="Test" time="0.03" errors="0" timestamp="2020-08-10T19:06:16 BST">
  <testcase classname="SelenuimProj.MavenJava.SeleniumTest" name="browserAutomation" time="0.003"/>
  <testcase classname="SelenuimProj.MavenJava.SeleniumTest" name="elementsUI" time="0.0"/>
  <testcase classname="SelenuimProj.MavenJava.APITest" name="deleteTwitter" time="0.001"/>
  <testcase classname="SelenuimProj.MavenJava.APITest" name="postJira" time="0.0"/>
</testsuite> <!-- Test -->
