<?xml version="1.0" encoding="UTF-8"?>
<testng-results ignored="0" total="4" passed="4" failed="0" skipped="0">
  <reporter-output>
  </reporter-output>
  <suite started-at="2020-08-10T19:06:16 BST" name="Suite" finished-at="2020-08-10T19:06:16 BST" duration-ms="30">
    <groups>
    </groups>
    <test started-at="2020-08-10T19:06:16 BST" name="Test" finished-at="2020-08-10T19:06:16 BST" duration-ms="30">
      <class name="SelenuimProj.MavenJava.SeleniumTest">
        <test-method signature="browserAutomation()[pri:0, instance:SelenuimProj.MavenJava.SeleniumTest@5db45159]" started-at="2020-08-10T19:06:16 BST" name="browserAutomation" finished-at="2020-08-10T19:06:16 BST" duration-ms="3" status="PASS">
          <reporter-output>
          </reporter-output>
        </test-method> <!-- browserAutomation -->
        <test-method signature="elementsUI()[pri:0, instance:SelenuimProj.MavenJava.SeleniumTest@5db45159]" started-at="2020-08-10T19:06:16 BST" name="elementsUI" finished-at="2020-08-10T19:06:16 BST" duration-ms="0" status="PASS">
          <reporter-output>
          </reporter-output>
        </test-method> <!-- elementsUI -->
      </class> <!-- SelenuimProj.MavenJava.SeleniumTest -->
      <class name="SelenuimProj.MavenJava.APITest">
        <test-method signature="deleteTwitter()[pri:0, instance:SelenuimProj.MavenJava.APITest@6107227e]" started-at="2020-08-10T19:06:16 BST" name="deleteTwitter" finished-at="2020-08-10T19:06:16 BST" duration-ms="1" status="PASS">
          <reporter-output>
          </reporter-output>
        </test-method> <!-- deleteTwitter -->
        <test-method signature="postJira()[pri:0, instance:SelenuimProj.MavenJava.APITest@6107227e]" started-at="2020-08-10T19:06:16 BST" name="postJira" finished-at="2020-08-10T19:06:16 BST" duration-ms="0" status="PASS">
          <reporter-output>
          </reporter-output>
        </test-method> <!-- postJira -->
      </class> <!-- SelenuimProj.MavenJava.APITest -->
    </test> <!-- Test -->
  </suite> <!-- Suite -->
</testng-results>
